{
  "stats": {
    "suites": 1,
    "tests": 1,
    "passes": 1,
    "pending": 0,
    "failures": 0,
    "start": "2025-05-20T19:50:15.808Z",
    "end": "2025-05-20T19:50:25.794Z",
    "duration": 9986,
    "testsRegistered": 1,
    "passPercent": 100,
    "pendingPercent": 0,
    "other": 0,
    "hasOther": false,
    "skipped": 0,
    "hasSkipped": false
  },
  "results": [
    {
      "uuid": "fa2242d9-6332-4749-bef8-c64150393cfd",
      "title": "",
      "fullFile": "cypress/e2e/switchTest.cy.js",
      "file": "cypress/e2e/switchTest.cy.js",
      "beforeHooks": [],
      "afterHooks": [],
      "tests": [],
      "suites": [
        {
          "uuid": "4f36beb8-2812-4b94-ab36-73176ee33980",
          "title": "Switch de Testes",
          "fullFile": "",
          "file": "",
          "beforeHooks": [],
          "afterHooks": [],
          "tests": [
            {
              "title": "Nenhum teste foi selecionado",
              "fullTitle": "Switch de Testes Nenhum teste foi selecionado",
              "timedOut": null,
              "duration": 9884,
              "state": "passed",
              "speed": "medium",
              "pass": true,
              "fail": false,
              "pending": false,
              "context": null,
              "code": "cy.log(\"Configure a variável TESTE_ATUAL para 'appActions' ou 'pageObjects'.\");",
              "err": {},
              "uuid": "97226df4-d7fe-4e95-923d-d76d50ba11f2",
              "parentUUID": "4f36beb8-2812-4b94-ab36-73176ee33980",
              "isHook": false,
              "skipped": false
            }
          ],
          "suites": [],
          "passes": [
            "97226df4-d7fe-4e95-923d-d76d50ba11f2"
          ],
          "failures": [],
          "pending": [],
          "skipped": [],
          "duration": 9884,
          "root": false,
          "rootEmpty": false,
          "_timeout": 2000
        }
      ],
      "passes": [],
      "failures": [],
      "pending": [],
      "skipped": [],
      "duration": 0,
      "root": true,
      "rootEmpty": true,
      "_timeout": 2000
    }
  ],
  "meta": {
    "mocha": {
      "version": "7.0.1"
    },
    "mochawesome": {
      "options": {
        "quiet": false,
        "reportFilename": "mochawesome",
        "saveHtml": false,
        "saveJson": true,
        "consoleReporter": "spec",
        "useInlineDiffs": false,
        "code": true
      },
      "version": "7.1.3"
    },
    "marge": {
      "options": {
        "reportDir": "coverage/.jsons",
        "overwrite": false,
        "html": false,
        "json": true
      },
      "version": "6.2.0"
    }
  }
}